<?xml version="1.0" encoding="UTF-8"?>
<testsuite name="com.thoughtworks.rectangle.rectangleTest" tests="1" skipped="0" failures="0" errors="0" timestamp="2023-07-13T14:07:14" hostname="gurushifu-gurushifugitp-7hl8ukmt9h3" time="0.017">
  <properties/>
  <testcase name="shouldReturnAreaOfRectangle()" classname="com.thoughtworks.rectangle.rectangleTest" time="0.017"/>
  <system-out><![CDATA[]]></system-out>
  <system-err><![CDATA[]]></system-err>
</testsuite>
